<?xml version="1.0" encoding="UTF-8"?>
<!-- Generated by org.testng.reporters.JUnitXMLReporter -->
<testsuite hostname="DESKTOP-GBQT2QC" ignored="0" name="chormeTest" tests="1" failures="1" timestamp="16 May 2017 13:41:35 GMT" time="0.572" errors="0">
  <testcase name="verifyPageLogin" time="0.511" classname="com.redbus.testCases.TravelFirst">
    <failure type="java.lang.NullPointerException">
      <![CDATA[java.lang.NullPointerException
	at java.lang.String.replace(Unknown Source)
	at com.relevantcodes.extentreports.Logger.log(Logger.java:65)
	at com.relevantcodes.extentreports.AbstractLog.log(AbstractLog.java:68)
	at com.relevantcodes.extentreports.AbstractLog.log(AbstractLog.java:77)
	at com.relevantcodes.extentreports.ExtentReports.log(ExtentReports.java:168)
	at com.redbus.testCases.TravelFirst.verifyPageLogin(TravelFirst.java:29)
... Removed 25 stack frames]]>
    </failure>
  </testcase> <!-- verifyPageLogin -->
</testsuite> <!-- chormeTest -->
