<?xml version="1.0" encoding="UTF-8"?>
<!-- Generated by org.testng.reporters.JUnitXMLReporter -->
<testsuite hostname="DESKTOP-GBQT2QC" ignored="0" name="firefoxTest" tests="1" failures="1" timestamp="16 May 2017 10:08:18 GMT" time="0.101" errors="0">
  <testcase name="verifyPageLogin" time="0.044" classname="com.redbus.testCases.TravelFirst">
    <failure type="java.lang.NullPointerException">
      <![CDATA[java.lang.NullPointerException
	at com.redbus.testCases.TravelFirst.verifyPageLogin(TravelFirst.java:37)
	at java.util.concurrent.FutureTask.run(Unknown Source)
	at java.util.concurrent.ThreadPoolExecutor.runWorker(Unknown Source)
	at java.util.concurrent.ThreadPoolExecutor$Worker.run(Unknown Source)
	at java.lang.Thread.run(Unknown Source)
... Removed 16 stack frames]]>
    </failure>
  </testcase> <!-- verifyPageLogin -->
</testsuite> <!-- firefoxTest -->
